<?xml version="1.0" encoding="UTF-8"?>
<!-- Generated by org.testng.reporters.JUnitReportReporter -->
<testsuite hostname="Debu" failures="0" tests="2" name="TestNG.TestNgGroups" time="0.022" errors="0" timestamp="2025-08-25T08:36:09 IST" skipped="0">
  <testcase classname="TestNG.TestNgGroups" name="testcase3" time="0.002"/>
  <testcase classname="TestNG.TestNgGroups" name="testcase1" time="0.020"/>
</testsuite> <!-- TestNG.TestNgGroups -->
