<?xml version="1.0" encoding="UTF-8"?>
<!-- Generated by org.testng.reporters.JUnitReportReporter -->
<testsuite hostname="Debu" failures="0" tests="2" name="TestNG.TestNgDependency" time="7.953" errors="0" timestamp="2025-08-25T08:36:34 IST" skipped="0">
  <testcase classname="TestNG.TestNgDependency" name="login" time="0.000"/>
  <testcase classname="TestNG.TestNgDependency" name="testCheckbox" time="7.953"/>
</testsuite> <!-- TestNG.TestNgDependency -->
