<?xml version="1.0" encoding="UTF-8"?>
<!-- Generated by org.testng.reporters.JUnitReportReporter -->
<testsuite hostname="Debu" failures="0" tests="2" name="TestNG.TestNgGroups" time="0.001" errors="0" timestamp="2025-08-25T08:36:34 IST" skipped="0">
  <testcase classname="TestNG.TestNgGroups" name="testcase1" time="0.000"/>
  <testcase classname="TestNG.TestNgGroups" name="testcase3" time="0.001"/>
</testsuite> <!-- TestNG.TestNgGroups -->
